New log file opened at Wed Sep 30 11:22:47 AMT 2015 by 22392@linux-6mgo.site
Sending msg to client activator-da865f12-f7f8-4e4a-86ae-b6a2414e9099: DetachedLogEvent(LogMessage(debug,sbt server socket logs are in: /home/ferrao/test/LocalDateJSONTest/.sbtserver/connections/master.log))
Sending msg to client activator-da865f12-f7f8-4e4a-86ae-b6a2414e9099: DetachedLogEvent(LogMessage(debug,sbt client logs are in: /home/ferrao/test/LocalDateJSONTest/.sbtserver/connections/activator-da865f12-f7f8-4e4a-86ae-b6a2414e9099.log))
Sending msg to client activator-da865f12-f7f8-4e4a-86ae-b6a2414e9099: DetachedLogEvent(LogMessage(debug,sbt general server logs are in: /home/ferrao/test/LocalDateJSONTest/.sbtserver/master.log))
Reading next message from client.
Got request: ListenToEvents()
Reading next message from client.
Got request: ListenToBuildChange()
Reading next message from client.
Got request: SendSyntheticBuildChanged()
Reading next message from client.
Got request: KeyLookupRequest(discoveredMainClasses)
Reading next message from client.
Got request: KeyLookupRequest(mainClass)
Reading next message from client.
Got request: KillServerRequest()
Reading next message from client.
Got request: UnlistenToEvents()
Reading next message from client.
Got request: UnlistenToBuildChange()
Reading next message from client.
Client activator-da865f12-f7f8-4e4a-86ae-b6a2414e9099 EOF, shutting down.
Stopping client.
Client activator-da865f12-f7f8-4e4a-86ae-b6a2414e9099 thread exiting.
