New log file opened at Wed Sep 30 11:23:43 AMT 2015 by 22392@linux-6mgo.site
Sending msg to client activator-cd90f56f-5146-416b-93ef-48ec360244ea: DetachedLogEvent(LogMessage(debug,sbt server socket logs are in: /home/ferrao/test/LocalDateJSONTest/.sbtserver/connections/master.log))
Sending msg to client activator-cd90f56f-5146-416b-93ef-48ec360244ea: DetachedLogEvent(LogMessage(debug,sbt general server logs are in: /home/ferrao/test/LocalDateJSONTest/.sbtserver/master.log))
Sending msg to client activator-cd90f56f-5146-416b-93ef-48ec360244ea: DetachedLogEvent(LogMessage(debug,sbt client logs are in: /home/ferrao/test/LocalDateJSONTest/.sbtserver/connections/activator-cd90f56f-5146-416b-93ef-48ec360244ea.log))
Reading next message from client.
Got request: ListenToEvents()
Reading next message from client.
Got request: ListenToBuildChange()
Reading next message from client.
Got request: SendSyntheticBuildChanged()
Reading next message from client.
Got request: KeyLookupRequest(discoveredMainClasses)
Reading next message from client.
Got request: KeyLookupRequest(mainClass)
Reading next message from client.
Got request: KillServerRequest()
Reading next message from client.
Got request: KillServerRequest()
Reading next message from client.
Got request: KillServerRequest()
Reading next message from client.
Got request: ExecutionRequest(compile)
Reading next message from client.
